Build started 12-6-2014 21:12:29.
     1>Project "C:\Users\Bas\Dropbox\TU Delft\Jaar 3\TI1805 Computer Graphics\Assignments\Assignment 4\project\Assignment4_mvs\Assignment4_mvs.vcxproj" on node 2 (Build target(s)).
     1>ClCompile:
         C:\Program Files (x86)\Microsoft Visual Studio 12.0\VC\bin\CL.exe /c /ZI /nologo /W3 /WX- /sdl /Od /Oy- /D WIN32 /D _MBCS /Gm /EHsc /RTC1 /MDd /GS /fp:precise /Zc:wchar_t /Zc:forScope /Fo"Debug\\" /Fd"Debug\vc120.pdb" /Gd /TP /analyze- /errorReport:prompt main.cpp mesh.cpp raytracing.cpp
         raytracing.cpp
     1>c:\users\bas\dropbox\tu delft\jaar 3\ti1805 computer graphics\assignments\assignment 4\project\assignment4_mvs\raytracing.cpp(20): error C4430: missing type specifier - int assumed. Note: C++ does not support default-int
     1>c:\users\bas\dropbox\tu delft\jaar 3\ti1805 computer graphics\assignments\assignment 4\project\assignment4_mvs\raytracing.cpp(20): error C2146: syntax error : missing ';' before identifier 'model_obj'
     1>c:\users\bas\dropbox\tu delft\jaar 3\ti1805 computer graphics\assignments\assignment 4\project\assignment4_mvs\raytracing.cpp(20): warning C4129: 'd' : unrecognized character escape sequence
     1>c:\users\bas\dropbox\tu delft\jaar 3\ti1805 computer graphics\assignments\assignment 4\project\assignment4_mvs\raytracing.cpp(20): error C2440: 'initializing' : cannot convert from 'const char [25]' to 'int'
                 There is no context in which this conversion is possible
         mesh.cpp
     1>c:\users\bas\dropbox\tu delft\jaar 3\ti1805 computer graphics\assignments\assignment 4\project\assignment4_mvs\mesh.cpp(169): warning C4018: '<' : signed/unsigned mismatch
     1>c:\users\bas\dropbox\tu delft\jaar 3\ti1805 computer graphics\assignments\assignment 4\project\assignment4_mvs\mesh.cpp(164): warning C4101: 'mtlfile' : unreferenced local variable
         main.cpp
     1>c:\users\bas\dropbox\tu delft\jaar 3\ti1805 computer graphics\assignments\assignment 4\project\assignment4_mvs\traqueboule.h(24): warning C4305: 'initializing' : truncation from 'double' to 'const float'
         Generating Code...
     1>Done Building Project "C:\Users\Bas\Dropbox\TU Delft\Jaar 3\TI1805 Computer Graphics\Assignments\Assignment 4\project\Assignment4_mvs\Assignment4_mvs.vcxproj" (Build target(s)) -- FAILED.

Build FAILED.

Time Elapsed 00:00:02.97
