Build started 20-6-2014 07:04:23.
     1>Project "C:\Users\Bas\Dropbox\TU Delft\Jaar 3\TI1805 Computer Graphics\Assignments\Assignment 4\project\Assignment4_mvs\Assignment4_Testing\Assignment4_Testing.vcxproj" on node 2 (Rebuild target(s)).
     1>ClCompile:
         C:\Program Files (x86)\Microsoft Visual Studio 12.0\VC\bin\CL.exe /c /AI"C:\Program Files (x86)\Reference Assemblies\Microsoft\Framework\.NETFramework\v4.0" /AI"C:\Program Files (x86)\Windows Kits\8.1\References\CommonConfiguration\Neutral" /Zi /clr /nologo /W3 /WX- /Od /Oy- /D WIN32 /D _DEBUG /D _WINDLL /D _UNICODE /D UNICODE /EHa /MD /GS /fp:precise /Zc:wchar_t /Zc:forScope /Yc"stdafx.h" /Fp"Debug\Assignment4Testing.pch" /Fo"Debug\\" /Fd"Debug\vc120.pdb" /TP /FU"C:\Program Files (x86)\Microsoft Visual Studio 12.0\Common7\IDE\PublicAssemblies\Microsoft.VisualStudio.QualityTools.UnitTestFramework.dll" /FU"C:\Program Files (x86)\Reference Assemblies\Microsoft\Framework\.NETFramework\v4.0\mscorlib.dll" /FU"C:\Program Files (x86)\Reference Assemblies\Microsoft\Framework\.NETFramework\v4.0\System.Data.dll" /FU"C:\Program Files (x86)\Reference Assemblies\Microsoft\Framework\.NETFramework\v4.0\System.dll" /FU"C:\Program Files (x86)\Reference Assemblies\Microsoft\Framework\.NETFramework\v4.0\System.Xml.dll" /analyze- /errorReport:prompt /clr:nostdlib stdafx.cpp
         stdafx.cpp
         C:\Program Files (x86)\Microsoft Visual Studio 12.0\VC\bin\CL.exe /c /AI"C:\Program Files (x86)\Reference Assemblies\Microsoft\Framework\.NETFramework\v4.0" /AI"C:\Program Files (x86)\Windows Kits\8.1\References\CommonConfiguration\Neutral" /Zi /clr /nologo /W3 /WX- /Od /Oy- /D WIN32 /D _DEBUG /D _WINDLL /D _UNICODE /D UNICODE /EHa /MD /GS /fp:precise /Zc:wchar_t /Zc:forScope /Yu"stdafx.h" /Fp"Debug\Assignment4Testing.pch" /Fo"Debug\\" /Fd"Debug\vc120.pdb" /TP /FU"C:\Program Files (x86)\Microsoft Visual Studio 12.0\Common7\IDE\PublicAssemblies\Microsoft.VisualStudio.QualityTools.UnitTestFramework.dll" /FU"C:\Program Files (x86)\Reference Assemblies\Microsoft\Framework\.NETFramework\v4.0\mscorlib.dll" /FU"C:\Program Files (x86)\Reference Assemblies\Microsoft\Framework\.NETFramework\v4.0\System.Data.dll" /FU"C:\Program Files (x86)\Reference Assemblies\Microsoft\Framework\.NETFramework\v4.0\System.dll" /FU"C:\Program Files (x86)\Reference Assemblies\Microsoft\Framework\.NETFramework\v4.0\System.Xml.dll" /analyze- /errorReport:prompt /clr:nostdlib AssemblyInfo.cpp BTreeTest.cpp
         AssemblyInfo.cpp
         BTreeTest.cpp
     1>BTreeTest.cpp(91): warning C4056: overflow in floating-point constant arithmetic
     1>BTreeTest.cpp(112): warning C4056: overflow in floating-point constant arithmetic
     1>BTreeTest.cpp(150): warning C4056: overflow in floating-point constant arithmetic
     1>BTreeTest.cpp(190): warning C4056: overflow in floating-point constant arithmetic
     1>BTreeTest.cpp(237): warning C4056: overflow in floating-point constant arithmetic
     1>BTreeTest.cpp(292): warning C4056: overflow in floating-point constant arithmetic
     1>BTreeTest.cpp(351): warning C4056: overflow in floating-point constant arithmetic
     1>BTreeTest.cpp(418): warning C4056: overflow in floating-point constant arithmetic
     1>BTreeTest.cpp(484): warning C4056: overflow in floating-point constant arithmetic
     1>BTreeTest.cpp(551): warning C4056: overflow in floating-point constant arithmetic
     1>BTreeTest.cpp(624): warning C4056: overflow in floating-point constant arithmetic
     1>BTreeTest.cpp(701): warning C4056: overflow in floating-point constant arithmetic
         Generating Code...
     1>c:\users\bas\dropbox\tu delft\jaar 3\ti1805 computer graphics\assignments\assignment 4\project\assignment4_mvs\assignment4_testing\btreetest.cpp(91): warning C4756: overflow in constant arithmetic
     1>c:\users\bas\dropbox\tu delft\jaar 3\ti1805 computer graphics\assignments\assignment 4\project\assignment4_mvs\assignment4_testing\btreetest.cpp(91): warning C4756: overflow in constant arithmetic
     1>c:\users\bas\dropbox\tu delft\jaar 3\ti1805 computer graphics\assignments\assignment 4\project\assignment4_mvs\assignment4_testing\btreetest.cpp(112): warning C4756: overflow in constant arithmetic
     1>c:\users\bas\dropbox\tu delft\jaar 3\ti1805 computer graphics\assignments\assignment 4\project\assignment4_mvs\assignment4_testing\btreetest.cpp(112): warning C4756: overflow in constant arithmetic
     1>c:\users\bas\dropbox\tu delft\jaar 3\ti1805 computer graphics\assignments\assignment 4\project\assignment4_mvs\assignment4_testing\btreetest.cpp(150): warning C4756: overflow in constant arithmetic
     1>c:\users\bas\dropbox\tu delft\jaar 3\ti1805 computer graphics\assignments\assignment 4\project\assignment4_mvs\assignment4_testing\btreetest.cpp(150): warning C4756: overflow in constant arithmetic
     1>c:\users\bas\dropbox\tu delft\jaar 3\ti1805 computer graphics\assignments\assignment 4\project\assignment4_mvs\assignment4_testing\btreetest.cpp(190): warning C4756: overflow in constant arithmetic
     1>c:\users\bas\dropbox\tu delft\jaar 3\ti1805 computer graphics\assignments\assignment 4\project\assignment4_mvs\assignment4_testing\btreetest.cpp(190): warning C4756: overflow in constant arithmetic
     1>c:\users\bas\dropbox\tu delft\jaar 3\ti1805 computer graphics\assignments\assignment 4\project\assignment4_mvs\assignment4_testing\btreetest.cpp(237): warning C4756: overflow in constant arithmetic
     1>c:\users\bas\dropbox\tu delft\jaar 3\ti1805 computer graphics\assignments\assignment 4\project\assignment4_mvs\assignment4_testing\btreetest.cpp(237): warning C4756: overflow in constant arithmetic
     1>c:\users\bas\dropbox\tu delft\jaar 3\ti1805 computer graphics\assignments\assignment 4\project\assignment4_mvs\assignment4_testing\btreetest.cpp(292): warning C4756: overflow in constant arithmetic
     1>c:\users\bas\dropbox\tu delft\jaar 3\ti1805 computer graphics\assignments\assignment 4\project\assignment4_mvs\assignment4_testing\btreetest.cpp(292): warning C4756: overflow in constant arithmetic
     1>c:\users\bas\dropbox\tu delft\jaar 3\ti1805 computer graphics\assignments\assignment 4\project\assignment4_mvs\assignment4_testing\btreetest.cpp(351): warning C4756: overflow in constant arithmetic
     1>c:\users\bas\dropbox\tu delft\jaar 3\ti1805 computer graphics\assignments\assignment 4\project\assignment4_mvs\assignment4_testing\btreetest.cpp(351): warning C4756: overflow in constant arithmetic
     1>c:\users\bas\dropbox\tu delft\jaar 3\ti1805 computer graphics\assignments\assignment 4\project\assignment4_mvs\assignment4_testing\btreetest.cpp(418): warning C4756: overflow in constant arithmetic
     1>c:\users\bas\dropbox\tu delft\jaar 3\ti1805 computer graphics\assignments\assignment 4\project\assignment4_mvs\assignment4_testing\btreetest.cpp(418): warning C4756: overflow in constant arithmetic
     1>c:\users\bas\dropbox\tu delft\jaar 3\ti1805 computer graphics\assignments\assignment 4\project\assignment4_mvs\assignment4_testing\btreetest.cpp(484): warning C4756: overflow in constant arithmetic
     1>c:\users\bas\dropbox\tu delft\jaar 3\ti1805 computer graphics\assignments\assignment 4\project\assignment4_mvs\assignment4_testing\btreetest.cpp(484): warning C4756: overflow in constant arithmetic
     1>c:\users\bas\dropbox\tu delft\jaar 3\ti1805 computer graphics\assignments\assignment 4\project\assignment4_mvs\assignment4_testing\btreetest.cpp(551): warning C4756: overflow in constant arithmetic
     1>c:\users\bas\dropbox\tu delft\jaar 3\ti1805 computer graphics\assignments\assignment 4\project\assignment4_mvs\assignment4_testing\btreetest.cpp(551): warning C4756: overflow in constant arithmetic
     1>c:\users\bas\dropbox\tu delft\jaar 3\ti1805 computer graphics\assignments\assignment 4\project\assignment4_mvs\assignment4_testing\btreetest.cpp(624): warning C4756: overflow in constant arithmetic
     1>c:\users\bas\dropbox\tu delft\jaar 3\ti1805 computer graphics\assignments\assignment 4\project\assignment4_mvs\assignment4_testing\btreetest.cpp(624): warning C4756: overflow in constant arithmetic
     1>c:\users\bas\dropbox\tu delft\jaar 3\ti1805 computer graphics\assignments\assignment 4\project\assignment4_mvs\assignment4_testing\btreetest.cpp(701): warning C4756: overflow in constant arithmetic
     1>c:\users\bas\dropbox\tu delft\jaar 3\ti1805 computer graphics\assignments\assignment 4\project\assignment4_mvs\assignment4_testing\btreetest.cpp(701): warning C4756: overflow in constant arithmetic
         C:\Program Files (x86)\Microsoft Visual Studio 12.0\VC\bin\CL.exe /c /Zi /clr /nologo /W3 /WX- /Od /Oy- /D WIN32 /D _DEBUG /D _WINDLL /D _UNICODE /D UNICODE /EHa /MD /GS /fp:precise /Zc:wchar_t /Zc:forScope /Fo"Debug\\" /Fd"Debug\vc120.pdb" /TP /analyze- /errorReport:prompt "C:\Users\Bas\AppData\Local\Temp\.NETFramework,Version=v4.0.AssemblyAttributes.cpp"
         .NETFramework,Version=v4.0.AssemblyAttributes.cpp
       ResourceCompile:
         C:\Program Files (x86)\Windows Kits\8.1\bin\x86\rc.exe /D _UNICODE /D UNICODE /l"0x0409" /nologo /fo"Debug\app.res" app.rc 
       Link:
         C:\Program Files (x86)\Microsoft Visual Studio 12.0\VC\bin\link.exe /ERRORREPORT:PROMPT /OUT:"C:\Users\Bas\Dropbox\TU Delft\Jaar 3\TI1805 Computer Graphics\Assignments\Assignment 4\project\Assignment4_mvs\Debug\Assignment4Testing.dll" /INCREMENTAL /NOLOGO /LIBPATH:"C:\Users\Bas\Dropbox\TU Delft\Jaar 3\TI1805 Computer Graphics\Assignments\Assignment 4\project\Assignment4_mvs\Test" Assignment4_mvs.lib kernel32.lib user32.lib gdi32.lib winspool.lib comdlg32.lib advapi32.lib shell32.lib ole32.lib oleaut32.lib uuid.lib odbc32.lib odbccp32.lib /MANIFEST /MANIFESTUAC:"level='asInvoker' uiAccess='false'" /manifest:embed /DEBUG /PDB:"C:\Users\Bas\Dropbox\TU Delft\Jaar 3\TI1805 Computer Graphics\Assignments\Assignment 4\project\Assignment4_mvs\Debug\Assignment4Testing.pdb" /TLBID:1 /DYNAMICBASE /FIXED:NO /NXCOMPAT /MACHINE:X86 /SAFESEH /DLL Debug\app.res
         Debug\AssemblyInfo.obj
         Debug\stdafx.obj
         Debug\BTreeTest.obj
         "Debug\.NETFramework,Version=v4.0.AssemblyAttributes.obj"
     1>LINK : fatal error LNK1104: cannot open file 'Assignment4_mvs.lib'
     1>Done Building Project "C:\Users\Bas\Dropbox\TU Delft\Jaar 3\TI1805 Computer Graphics\Assignments\Assignment 4\project\Assignment4_mvs\Assignment4_Testing\Assignment4_Testing.vcxproj" (Rebuild target(s)) -- FAILED.

Build FAILED.

Time Elapsed 00:00:02.78
